<?xml version="1.0" encoding="UTF-8"?>
<!-- Generated by org.testng.reporters.JUnitXMLReporter -->
<testsuite ignored="0" hostname="Godbless" failures="1" tests="1" name="VALIDATION PAGE" time="11.172" errors="0" timestamp="2021-04-27T14:22:06 BST">
  <testcase classname="GBE2EProject.validation" name="titleOfPage" time="0.082">
    <failure type="java.lang.AssertionError" message="expected [Featured Courses123] but found [Featured Courses]">
      <![CDATA[java.lang.AssertionError: expected [Featured Courses123] but found [Featured Courses]
at GBE2EProject.validation.titleOfPage(validation.java:29)
at java.base/java.util.ArrayList.forEach(ArrayList.java:1511)
... Removed 33 stack frames]]>
    </failure>
  </testcase> <!-- titleOfPage -->
</testsuite> <!-- VALIDATION PAGE -->
